[2022-02-11 09:07:51.051] [org.springframework.scheduling.concurrent.ExecutorConfigurationSupport] [SpringContextShutdownHook] [208] [INFO ] Shutting down ExecutorService 'taskScheduler'
[2022-02-11 09:07:51.051] [org.springframework.scheduling.concurrent.ExecutorConfigurationSupport] [SpringContextShutdownHook] [208] [INFO ] Shutting down ExecutorService 'applicationTaskExecutor'
[2022-02-11 09:08:05.005] [org.springframework.boot.StartupInfoLogger] [main] [55] [INFO ] Starting App on MTC-20211130FMH with PID 14052 (D:\project\gzj\parent\springcloud-demo-getway\target\classes started by gaozj in D:\project\gzj\parent)
[2022-02-11 09:08:05.005] [org.springframework.boot.SpringApplication] [main] [651] [INFO ] No active profile set, falling back to default profiles: default
[2022-02-11 09:08:06.006] [org.springframework.data.repository.config.RepositoryConfigurationDelegate] [main] [249] [INFO ] Multiple Spring Data modules found, entering strict repository configuration mode!
[2022-02-11 09:08:06.006] [org.springframework.data.repository.config.RepositoryConfigurationDelegate] [main] [127] [INFO ] Bootstrapping Spring Data Redis repositories in DEFAULT mode.
[2022-02-11 09:08:06.006] [org.springframework.data.repository.config.RepositoryConfigurationDelegate] [main] [187] [INFO ] Finished Spring Data repository scanning in 32ms. Found 0 Redis repository interfaces.
[2022-02-11 09:08:07.007] [org.springframework.boot.web.embedded.tomcat.TomcatWebServer] [main] [92] [INFO ] Tomcat initialized with port(s): 8888 (http)
[2022-02-11 09:08:07.007] [org.apache.juli.logging.DirectJDKLog] [main] [173] [INFO ] Initializing ProtocolHandler ["http-nio-8888"]
[2022-02-11 09:08:07.007] [org.apache.juli.logging.DirectJDKLog] [main] [173] [INFO ] Starting service [Tomcat]
[2022-02-11 09:08:07.007] [org.apache.juli.logging.DirectJDKLog] [main] [173] [INFO ] Starting Servlet engine: [Apache Tomcat/9.0.30]
[2022-02-11 09:08:07.007] [org.apache.juli.logging.DirectJDKLog] [main] [173] [INFO ] Initializing Spring embedded WebApplicationContext
[2022-02-11 09:08:07.007] [org.springframework.boot.web.servlet.context.ServletWebServerApplicationContext] [main] [284] [INFO ] Root WebApplicationContext: initialization completed in 1322 ms
[2022-02-11 09:08:07.007] [org.springframework.scheduling.concurrent.ExecutorConfigurationSupport] [main] [171] [INFO ] Initializing ExecutorService 'applicationTaskExecutor'
[2022-02-11 09:08:08.008] [org.springframework.scheduling.annotation.ScheduledAnnotationBeanPostProcessor] [main] [297] [INFO ] No TaskScheduler/ScheduledExecutorService bean found for scheduled processing
[2022-02-11 09:08:08.008] [org.apache.juli.logging.DirectJDKLog] [main] [173] [INFO ] Starting ProtocolHandler ["http-nio-8888"]
[2022-02-11 09:08:08.008] [org.springframework.boot.web.embedded.tomcat.TomcatWebServer] [main] [204] [INFO ] Tomcat started on port(s): 8888 (http) with context path ''
[2022-02-11 09:08:08.008] [org.springframework.boot.StartupInfoLogger] [main] [61] [INFO ] Started App in 3.034 seconds (JVM running for 4.243)
[2022-02-11 09:09:57.057] [org.apache.juli.logging.DirectJDKLog] [http-nio-8888-exec-2] [173] [INFO ] Initializing Spring DispatcherServlet 'dispatcherServlet'
[2022-02-11 09:09:57.057] [org.springframework.web.servlet.FrameworkServlet] [http-nio-8888-exec-2] [525] [INFO ] Initializing Servlet 'dispatcherServlet'
[2022-02-11 09:09:57.057] [org.springframework.web.servlet.FrameworkServlet] [http-nio-8888-exec-2] [547] [INFO ] Completed initialization in 7 ms
[2022-02-11 09:18:05.005] [org.springframework.scheduling.concurrent.ExecutorConfigurationSupport] [SpringContextShutdownHook] [208] [INFO ] Shutting down ExecutorService 'applicationTaskExecutor'
[2022-02-11 09:18:14.014] [org.springframework.boot.StartupInfoLogger] [main] [55] [INFO ] Starting App on MTC-20211130FMH with PID 21936 (D:\project\gzj\parent\springcloud-demo-getway\target\classes started by gaozj in D:\project\gzj\parent)
[2022-02-11 09:18:14.014] [org.springframework.boot.SpringApplication] [main] [651] [INFO ] No active profile set, falling back to default profiles: default
[2022-02-11 09:18:15.015] [org.springframework.data.repository.config.RepositoryConfigurationDelegate] [main] [249] [INFO ] Multiple Spring Data modules found, entering strict repository configuration mode!
[2022-02-11 09:18:15.015] [org.springframework.data.repository.config.RepositoryConfigurationDelegate] [main] [127] [INFO ] Bootstrapping Spring Data Redis repositories in DEFAULT mode.
[2022-02-11 09:18:15.015] [org.springframework.data.repository.config.RepositoryConfigurationDelegate] [main] [187] [INFO ] Finished Spring Data repository scanning in 25ms. Found 0 Redis repository interfaces.
[2022-02-11 09:18:15.015] [org.springframework.boot.web.embedded.tomcat.TomcatWebServer] [main] [92] [INFO ] Tomcat initialized with port(s): 8888 (http)
[2022-02-11 09:18:15.015] [org.apache.juli.logging.DirectJDKLog] [main] [173] [INFO ] Initializing ProtocolHandler ["http-nio-8888"]
[2022-02-11 09:18:15.015] [org.apache.juli.logging.DirectJDKLog] [main] [173] [INFO ] Starting service [Tomcat]
[2022-02-11 09:18:15.015] [org.apache.juli.logging.DirectJDKLog] [main] [173] [INFO ] Starting Servlet engine: [Apache Tomcat/9.0.30]
[2022-02-11 09:18:15.015] [org.apache.juli.logging.DirectJDKLog] [main] [173] [INFO ] Initializing Spring embedded WebApplicationContext
[2022-02-11 09:18:15.015] [org.springframework.boot.web.servlet.context.ServletWebServerApplicationContext] [main] [284] [INFO ] Root WebApplicationContext: initialization completed in 1152 ms
[2022-02-11 09:18:16.016] [org.springframework.scheduling.concurrent.ExecutorConfigurationSupport] [main] [171] [INFO ] Initializing ExecutorService 'applicationTaskExecutor'
[2022-02-11 09:18:16.016] [org.springframework.security.web.DefaultSecurityFilterChain] [main] [43] [INFO ] Creating filter chain: any request, [org.springframework.security.web.context.request.async.WebAsyncManagerIntegrationFilter@6b37df8e, org.springframework.security.web.context.SecurityContextPersistenceFilter@34d480b9, org.springframework.security.web.header.HeaderWriterFilter@5e180aaf, org.springframework.security.web.csrf.CsrfFilter@498c535d, org.springframework.security.web.authentication.logout.LogoutFilter@28e8888d, org.springframework.security.web.authentication.UsernamePasswordAuthenticationFilter@382dc417, org.springframework.security.web.authentication.ui.DefaultLoginPageGeneratingFilter@7243145f, org.springframework.security.web.authentication.ui.DefaultLogoutPageGeneratingFilter@6b63abdc, org.springframework.security.web.authentication.www.BasicAuthenticationFilter@4f363abd, org.springframework.security.web.savedrequest.RequestCacheAwareFilter@66749eea, org.springframework.security.web.servletapi.SecurityContextHolderAwareRequestFilter@b0f2d91, org.springframework.security.web.authentication.AnonymousAuthenticationFilter@7b351446, org.springframework.security.web.session.SessionManagementFilter@44592c39, org.springframework.security.web.access.ExceptionTranslationFilter@c3719e5, org.springframework.security.web.access.intercept.FilterSecurityInterceptor@7a65a360]
[2022-02-11 09:18:16.016] [org.springframework.scheduling.annotation.ScheduledAnnotationBeanPostProcessor] [main] [297] [INFO ] No TaskScheduler/ScheduledExecutorService bean found for scheduled processing
[2022-02-11 09:18:16.016] [org.apache.juli.logging.DirectJDKLog] [main] [173] [INFO ] Starting ProtocolHandler ["http-nio-8888"]
[2022-02-11 09:18:16.016] [org.springframework.boot.web.embedded.tomcat.TomcatWebServer] [main] [204] [INFO ] Tomcat started on port(s): 8888 (http) with context path ''
[2022-02-11 09:18:16.016] [org.springframework.boot.StartupInfoLogger] [main] [61] [INFO ] Started App in 2.683 seconds (JVM running for 3.578)
[2022-02-11 09:18:39.039] [org.apache.juli.logging.DirectJDKLog] [http-nio-8888-exec-1] [173] [INFO ] Initializing Spring DispatcherServlet 'dispatcherServlet'
[2022-02-11 09:18:39.039] [org.springframework.web.servlet.FrameworkServlet] [http-nio-8888-exec-1] [525] [INFO ] Initializing Servlet 'dispatcherServlet'
[2022-02-11 09:18:39.039] [org.springframework.web.servlet.FrameworkServlet] [http-nio-8888-exec-1] [547] [INFO ] Completed initialization in 9 ms
[2022-02-11 09:19:06.006] [org.springframework.scheduling.concurrent.ExecutorConfigurationSupport] [SpringContextShutdownHook] [208] [INFO ] Shutting down ExecutorService 'applicationTaskExecutor'
[2022-02-11 09:19:12.012] [org.springframework.boot.StartupInfoLogger] [main] [55] [INFO ] Starting App on MTC-20211130FMH with PID 10480 (D:\project\gzj\parent\springcloud-demo-getway\target\classes started by gaozj in D:\project\gzj\parent)
[2022-02-11 09:19:12.012] [org.springframework.boot.SpringApplication] [main] [651] [INFO ] No active profile set, falling back to default profiles: default
[2022-02-11 09:19:12.012] [org.springframework.data.repository.config.RepositoryConfigurationDelegate] [main] [249] [INFO ] Multiple Spring Data modules found, entering strict repository configuration mode!
[2022-02-11 09:19:12.012] [org.springframework.data.repository.config.RepositoryConfigurationDelegate] [main] [127] [INFO ] Bootstrapping Spring Data Redis repositories in DEFAULT mode.
[2022-02-11 09:19:12.012] [org.springframework.data.repository.config.RepositoryConfigurationDelegate] [main] [187] [INFO ] Finished Spring Data repository scanning in 25ms. Found 0 Redis repository interfaces.
[2022-02-11 09:19:13.013] [org.springframework.boot.web.embedded.tomcat.TomcatWebServer] [main] [92] [INFO ] Tomcat initialized with port(s): 8888 (http)
[2022-02-11 09:19:13.013] [org.apache.juli.logging.DirectJDKLog] [main] [173] [INFO ] Initializing ProtocolHandler ["http-nio-8888"]
[2022-02-11 09:19:13.013] [org.apache.juli.logging.DirectJDKLog] [main] [173] [INFO ] Starting service [Tomcat]
[2022-02-11 09:19:13.013] [org.apache.juli.logging.DirectJDKLog] [main] [173] [INFO ] Starting Servlet engine: [Apache Tomcat/9.0.30]
[2022-02-11 09:19:13.013] [org.apache.juli.logging.DirectJDKLog] [main] [173] [INFO ] Initializing Spring embedded WebApplicationContext
[2022-02-11 09:19:13.013] [org.springframework.boot.web.servlet.context.ServletWebServerApplicationContext] [main] [284] [INFO ] Root WebApplicationContext: initialization completed in 1241 ms
[2022-02-11 09:19:14.014] [org.springframework.scheduling.concurrent.ExecutorConfigurationSupport] [main] [171] [INFO ] Initializing ExecutorService 'applicationTaskExecutor'
[2022-02-11 09:19:14.014] [org.springframework.security.web.DefaultSecurityFilterChain] [main] [43] [INFO ] Creating filter chain: any request, [org.springframework.security.web.context.request.async.WebAsyncManagerIntegrationFilter@17c0274c, org.springframework.security.web.context.SecurityContextPersistenceFilter@426131d7, org.springframework.security.web.header.HeaderWriterFilter@3e28d779, org.springframework.security.web.csrf.CsrfFilter@7aea704c, org.springframework.security.web.authentication.logout.LogoutFilter@5b29ab61, org.springframework.security.web.authentication.UsernamePasswordAuthenticationFilter@3709748f, org.springframework.security.web.authentication.ui.DefaultLoginPageGeneratingFilter@764fffa0, org.springframework.security.web.authentication.ui.DefaultLogoutPageGeneratingFilter@7abeabe9, org.springframework.security.web.authentication.www.BasicAuthenticationFilter@6df4af5, org.springframework.security.web.savedrequest.RequestCacheAwareFilter@7c7e73c5, org.springframework.security.web.servletapi.SecurityContextHolderAwareRequestFilter@43a4a9e5, org.springframework.security.web.authentication.AnonymousAuthenticationFilter@5a05dd30, org.springframework.security.web.session.SessionManagementFilter@784d9bc, org.springframework.security.web.access.ExceptionTranslationFilter@685f5d0d, org.springframework.security.web.access.intercept.FilterSecurityInterceptor@6dcab9d9]
[2022-02-11 09:19:14.014] [org.springframework.scheduling.annotation.ScheduledAnnotationBeanPostProcessor] [main] [297] [INFO ] No TaskScheduler/ScheduledExecutorService bean found for scheduled processing
[2022-02-11 09:19:14.014] [org.apache.juli.logging.DirectJDKLog] [main] [173] [INFO ] Starting ProtocolHandler ["http-nio-8888"]
[2022-02-11 09:19:14.014] [org.springframework.boot.web.embedded.tomcat.TomcatWebServer] [main] [204] [INFO ] Tomcat started on port(s): 8888 (http) with context path ''
[2022-02-11 09:19:14.014] [org.springframework.boot.StartupInfoLogger] [main] [61] [INFO ] Started App in 3.085 seconds (JVM running for 3.975)
[2022-02-11 09:19:39.039] [org.apache.juli.logging.DirectJDKLog] [http-nio-8888-exec-1] [173] [INFO ] Initializing Spring DispatcherServlet 'dispatcherServlet'
[2022-02-11 09:19:39.039] [org.springframework.web.servlet.FrameworkServlet] [http-nio-8888-exec-1] [525] [INFO ] Initializing Servlet 'dispatcherServlet'
[2022-02-11 09:19:39.039] [org.springframework.web.servlet.FrameworkServlet] [http-nio-8888-exec-1] [547] [INFO ] Completed initialization in 17 ms
[2022-02-11 09:21:44.044] [org.springframework.scheduling.concurrent.ExecutorConfigurationSupport] [SpringContextShutdownHook] [208] [INFO ] Shutting down ExecutorService 'applicationTaskExecutor'
[2022-02-11 09:21:52.052] [org.springframework.boot.StartupInfoLogger] [main] [55] [INFO ] Starting App on MTC-20211130FMH with PID 6304 (D:\project\gzj\parent\springcloud-demo-getway\target\classes started by gaozj in D:\project\gzj\parent)
[2022-02-11 09:21:52.052] [org.springframework.boot.SpringApplication] [main] [651] [INFO ] No active profile set, falling back to default profiles: default
[2022-02-11 09:21:53.053] [org.springframework.data.repository.config.RepositoryConfigurationDelegate] [main] [249] [INFO ] Multiple Spring Data modules found, entering strict repository configuration mode!
[2022-02-11 09:21:53.053] [org.springframework.data.repository.config.RepositoryConfigurationDelegate] [main] [127] [INFO ] Bootstrapping Spring Data Redis repositories in DEFAULT mode.
[2022-02-11 09:21:53.053] [org.springframework.data.repository.config.RepositoryConfigurationDelegate] [main] [187] [INFO ] Finished Spring Data repository scanning in 25ms. Found 0 Redis repository interfaces.
[2022-02-11 09:21:53.053] [org.springframework.boot.web.embedded.tomcat.TomcatWebServer] [main] [92] [INFO ] Tomcat initialized with port(s): 8888 (http)
[2022-02-11 09:21:53.053] [org.apache.juli.logging.DirectJDKLog] [main] [173] [INFO ] Initializing ProtocolHandler ["http-nio-8888"]
[2022-02-11 09:21:53.053] [org.apache.juli.logging.DirectJDKLog] [main] [173] [INFO ] Starting service [Tomcat]
[2022-02-11 09:21:53.053] [org.apache.juli.logging.DirectJDKLog] [main] [173] [INFO ] Starting Servlet engine: [Apache Tomcat/9.0.30]
[2022-02-11 09:21:54.054] [org.apache.juli.logging.DirectJDKLog] [main] [173] [INFO ] Initializing Spring embedded WebApplicationContext
[2022-02-11 09:21:54.054] [org.springframework.boot.web.servlet.context.ServletWebServerApplicationContext] [main] [284] [INFO ] Root WebApplicationContext: initialization completed in 1133 ms
[2022-02-11 09:21:54.054] [org.springframework.scheduling.concurrent.ExecutorConfigurationSupport] [main] [171] [INFO ] Initializing ExecutorService 'applicationTaskExecutor'
[2022-02-11 09:21:54.054] [org.springframework.scheduling.annotation.ScheduledAnnotationBeanPostProcessor] [main] [297] [INFO ] No TaskScheduler/ScheduledExecutorService bean found for scheduled processing
[2022-02-11 09:21:54.054] [org.apache.juli.logging.DirectJDKLog] [main] [173] [INFO ] Starting ProtocolHandler ["http-nio-8888"]
[2022-02-11 09:21:54.054] [org.springframework.boot.web.embedded.tomcat.TomcatWebServer] [main] [204] [INFO ] Tomcat started on port(s): 8888 (http) with context path ''
[2022-02-11 09:21:54.054] [org.springframework.boot.StartupInfoLogger] [main] [61] [INFO ] Started App in 2.459 seconds (JVM running for 3.38)
[2022-02-11 09:23:25.025] [org.apache.juli.logging.DirectJDKLog] [http-nio-8888-exec-2] [173] [INFO ] Initializing Spring DispatcherServlet 'dispatcherServlet'
[2022-02-11 09:23:25.025] [org.springframework.web.servlet.FrameworkServlet] [http-nio-8888-exec-2] [525] [INFO ] Initializing Servlet 'dispatcherServlet'
[2022-02-11 09:23:25.025] [org.springframework.web.servlet.FrameworkServlet] [http-nio-8888-exec-2] [547] [INFO ] Completed initialization in 8 ms
[2022-02-11 09:24:34.034] [org.springframework.scheduling.concurrent.ExecutorConfigurationSupport] [SpringContextShutdownHook] [208] [INFO ] Shutting down ExecutorService 'applicationTaskExecutor'
[2022-02-11 09:24:47.047] [org.springframework.boot.StartupInfoLogger] [main] [55] [INFO ] Starting App on MTC-20211130FMH with PID 10972 (D:\project\gzj\parent\springcloud-demo-getway\target\classes started by gaozj in D:\project\gzj\parent)
[2022-02-11 09:24:47.047] [org.springframework.boot.SpringApplication] [main] [651] [INFO ] No active profile set, falling back to default profiles: default
[2022-02-11 09:24:49.049] [org.springframework.data.repository.config.RepositoryConfigurationDelegate] [main] [249] [INFO ] Multiple Spring Data modules found, entering strict repository configuration mode!
[2022-02-11 09:24:49.049] [org.springframework.data.repository.config.RepositoryConfigurationDelegate] [main] [127] [INFO ] Bootstrapping Spring Data Redis repositories in DEFAULT mode.
[2022-02-11 09:24:49.049] [org.springframework.data.repository.config.RepositoryConfigurationDelegate] [main] [187] [INFO ] Finished Spring Data repository scanning in 28ms. Found 0 Redis repository interfaces.
[2022-02-11 09:24:49.049] [org.springframework.boot.web.embedded.tomcat.TomcatWebServer] [main] [92] [INFO ] Tomcat initialized with port(s): 8888 (http)
[2022-02-11 09:24:49.049] [org.apache.juli.logging.DirectJDKLog] [main] [173] [INFO ] Initializing ProtocolHandler ["http-nio-8888"]
[2022-02-11 09:24:49.049] [org.apache.juli.logging.DirectJDKLog] [main] [173] [INFO ] Starting service [Tomcat]
[2022-02-11 09:24:49.049] [org.apache.juli.logging.DirectJDKLog] [main] [173] [INFO ] Starting Servlet engine: [Apache Tomcat/9.0.30]
[2022-02-11 09:24:49.049] [org.apache.juli.logging.DirectJDKLog] [main] [173] [INFO ] Initializing Spring embedded WebApplicationContext
[2022-02-11 09:24:49.049] [org.springframework.boot.web.servlet.context.ServletWebServerApplicationContext] [main] [284] [INFO ] Root WebApplicationContext: initialization completed in 2414 ms
[2022-02-11 09:24:50.050] [org.springframework.scheduling.concurrent.ExecutorConfigurationSupport] [main] [171] [INFO ] Initializing ExecutorService 'applicationTaskExecutor'
[2022-02-11 09:24:51.051] [org.springframework.scheduling.annotation.ScheduledAnnotationBeanPostProcessor] [main] [297] [INFO ] No TaskScheduler/ScheduledExecutorService bean found for scheduled processing
[2022-02-11 09:24:51.051] [org.apache.juli.logging.DirectJDKLog] [main] [173] [INFO ] Starting ProtocolHandler ["http-nio-8888"]
[2022-02-11 09:24:51.051] [org.springframework.boot.web.embedded.tomcat.TomcatWebServer] [main] [204] [INFO ] Tomcat started on port(s): 8888 (http) with context path ''
[2022-02-11 09:24:51.051] [org.springframework.boot.StartupInfoLogger] [main] [61] [INFO ] Started App in 5.422 seconds (JVM running for 7.507)
[2022-02-11 09:25:19.019] [org.apache.juli.logging.DirectJDKLog] [http-nio-8888-exec-1] [173] [INFO ] Initializing Spring DispatcherServlet 'dispatcherServlet'
[2022-02-11 09:25:19.019] [org.springframework.web.servlet.FrameworkServlet] [http-nio-8888-exec-1] [525] [INFO ] Initializing Servlet 'dispatcherServlet'
[2022-02-11 09:25:19.019] [org.springframework.web.servlet.FrameworkServlet] [http-nio-8888-exec-1] [547] [INFO ] Completed initialization in 7 ms
[2022-02-11 09:25:58.058] [org.springframework.session.data.redis.RedisIndexedSessionRepository] [springSessionRedisMessageListenerContainer-5] [530] [WARN ] Unable to publish SessionDestroyedEvent for session 3bfbdc4d-d87b-465b-839d-5e39bdacb528
[2022-02-11 09:31:33.033] [org.springframework.session.data.redis.RedisIndexedSessionRepository] [springSessionRedisMessageListenerContainer-8] [530] [WARN ] Unable to publish SessionDestroyedEvent for session a2a81b0e-19dc-4193-a8ca-0bc04b59daa8
[2022-02-11 09:42:39.039] [org.springframework.scheduling.concurrent.ExecutorConfigurationSupport] [SpringContextShutdownHook] [208] [INFO ] Shutting down ExecutorService 'applicationTaskExecutor'
[2022-02-11 09:42:51.051] [org.springframework.boot.StartupInfoLogger] [main] [55] [INFO ] Starting App on MTC-20211130FMH with PID 24084 (D:\project\gzj\parent\springcloud-demo-getway\target\classes started by gaozj in D:\project\gzj\parent)
[2022-02-11 09:42:51.051] [org.springframework.boot.SpringApplication] [main] [651] [INFO ] No active profile set, falling back to default profiles: default
[2022-02-11 09:42:52.052] [org.springframework.data.repository.config.RepositoryConfigurationDelegate] [main] [249] [INFO ] Multiple Spring Data modules found, entering strict repository configuration mode!
[2022-02-11 09:42:52.052] [org.springframework.data.repository.config.RepositoryConfigurationDelegate] [main] [127] [INFO ] Bootstrapping Spring Data Redis repositories in DEFAULT mode.
[2022-02-11 09:42:52.052] [org.springframework.data.repository.config.RepositoryConfigurationDelegate] [main] [187] [INFO ] Finished Spring Data repository scanning in 26ms. Found 0 Redis repository interfaces.
[2022-02-11 09:42:53.053] [org.springframework.boot.web.embedded.tomcat.TomcatWebServer] [main] [92] [INFO ] Tomcat initialized with port(s): 8888 (http)
[2022-02-11 09:42:53.053] [org.apache.juli.logging.DirectJDKLog] [main] [173] [INFO ] Initializing ProtocolHandler ["http-nio-8888"]
[2022-02-11 09:42:53.053] [org.apache.juli.logging.DirectJDKLog] [main] [173] [INFO ] Starting service [Tomcat]
[2022-02-11 09:42:53.053] [org.apache.juli.logging.DirectJDKLog] [main] [173] [INFO ] Starting Servlet engine: [Apache Tomcat/9.0.30]
[2022-02-11 09:42:53.053] [org.apache.juli.logging.DirectJDKLog] [main] [173] [INFO ] Initializing Spring embedded WebApplicationContext
[2022-02-11 09:42:53.053] [org.springframework.boot.web.servlet.context.ServletWebServerApplicationContext] [main] [284] [INFO ] Root WebApplicationContext: initialization completed in 1572 ms
[2022-02-11 09:42:53.053] [springfox.documentation.spring.web.PropertySourcedRequestMappingHandlerMapping] [main] [69] [INFO ] Mapped URL path [/v2/api-docs] onto method [springfox.documentation.swagger2.web.Swagger2Controller#getDocumentation(String, HttpServletRequest)]
[2022-02-11 09:42:54.054] [org.springframework.scheduling.concurrent.ExecutorConfigurationSupport] [main] [171] [INFO ] Initializing ExecutorService 'applicationTaskExecutor'
[2022-02-11 09:42:54.054] [springfox.documentation.spring.web.plugins.DocumentationPluginsBootstrapper] [main] [160] [INFO ] Context refreshed
[2022-02-11 09:42:54.054] [springfox.documentation.spring.web.plugins.DocumentationPluginsBootstrapper] [main] [163] [INFO ] Found 1 custom documentation plugin(s)
[2022-02-11 09:42:54.054] [springfox.documentation.spring.web.scanners.ApiListingReferenceScanner] [main] [41] [INFO ] Scanning for api listing references
[2022-02-11 09:42:54.054] [org.springframework.scheduling.annotation.ScheduledAnnotationBeanPostProcessor] [main] [297] [INFO ] No TaskScheduler/ScheduledExecutorService bean found for scheduled processing
[2022-02-11 09:42:54.054] [org.apache.juli.logging.DirectJDKLog] [main] [173] [INFO ] Starting ProtocolHandler ["http-nio-8888"]
[2022-02-11 09:42:54.054] [org.springframework.boot.web.embedded.tomcat.TomcatWebServer] [main] [204] [INFO ] Tomcat started on port(s): 8888 (http) with context path ''
[2022-02-11 09:42:54.054] [org.springframework.boot.StartupInfoLogger] [main] [61] [INFO ] Started App in 3.457 seconds (JVM running for 4.436)
[2022-02-11 09:43:09.009] [org.apache.juli.logging.DirectJDKLog] [http-nio-8888-exec-1] [173] [INFO ] Initializing Spring DispatcherServlet 'dispatcherServlet'
[2022-02-11 09:43:09.009] [org.springframework.web.servlet.FrameworkServlet] [http-nio-8888-exec-1] [525] [INFO ] Initializing Servlet 'dispatcherServlet'
[2022-02-11 09:43:09.009] [org.springframework.web.servlet.FrameworkServlet] [http-nio-8888-exec-1] [547] [INFO ] Completed initialization in 14 ms
[2022-02-11 09:45:03.003] [org.springframework.scheduling.concurrent.ExecutorConfigurationSupport] [SpringContextShutdownHook] [208] [INFO ] Shutting down ExecutorService 'applicationTaskExecutor'
[2022-02-11 09:45:11.011] [org.springframework.boot.StartupInfoLogger] [main] [55] [INFO ] Starting App on MTC-20211130FMH with PID 6308 (D:\project\gzj\parent\springcloud-demo-getway\target\classes started by gaozj in D:\project\gzj\parent)
[2022-02-11 09:45:11.011] [org.springframework.boot.SpringApplication] [main] [651] [INFO ] No active profile set, falling back to default profiles: default
[2022-02-11 09:45:12.012] [org.springframework.data.repository.config.RepositoryConfigurationDelegate] [main] [249] [INFO ] Multiple Spring Data modules found, entering strict repository configuration mode!
[2022-02-11 09:45:12.012] [org.springframework.data.repository.config.RepositoryConfigurationDelegate] [main] [127] [INFO ] Bootstrapping Spring Data Redis repositories in DEFAULT mode.
[2022-02-11 09:45:12.012] [org.springframework.data.repository.config.RepositoryConfigurationDelegate] [main] [187] [INFO ] Finished Spring Data repository scanning in 23ms. Found 0 Redis repository interfaces.
[2022-02-11 09:45:13.013] [org.springframework.boot.web.embedded.tomcat.TomcatWebServer] [main] [92] [INFO ] Tomcat initialized with port(s): 8888 (http)
[2022-02-11 09:45:13.013] [org.apache.juli.logging.DirectJDKLog] [main] [173] [INFO ] Initializing ProtocolHandler ["http-nio-8888"]
[2022-02-11 09:45:13.013] [org.apache.juli.logging.DirectJDKLog] [main] [173] [INFO ] Starting service [Tomcat]
[2022-02-11 09:45:13.013] [org.apache.juli.logging.DirectJDKLog] [main] [173] [INFO ] Starting Servlet engine: [Apache Tomcat/9.0.30]
[2022-02-11 09:45:13.013] [org.apache.juli.logging.DirectJDKLog] [main] [173] [INFO ] Initializing Spring embedded WebApplicationContext
[2022-02-11 09:45:13.013] [org.springframework.boot.web.servlet.context.ServletWebServerApplicationContext] [main] [284] [INFO ] Root WebApplicationContext: initialization completed in 1279 ms
[2022-02-11 09:45:13.013] [springfox.documentation.spring.web.PropertySourcedRequestMappingHandlerMapping] [main] [69] [INFO ] Mapped URL path [/v2/api-docs] onto method [springfox.documentation.swagger2.web.Swagger2Controller#getDocumentation(String, HttpServletRequest)]
[2022-02-11 09:45:13.013] [org.springframework.scheduling.concurrent.ExecutorConfigurationSupport] [main] [171] [INFO ] Initializing ExecutorService 'applicationTaskExecutor'
[2022-02-11 09:45:14.014] [springfox.documentation.spring.web.plugins.DocumentationPluginsBootstrapper] [main] [160] [INFO ] Context refreshed
[2022-02-11 09:45:14.014] [springfox.documentation.spring.web.plugins.DocumentationPluginsBootstrapper] [main] [163] [INFO ] Found 1 custom documentation plugin(s)
[2022-02-11 09:45:14.014] [springfox.documentation.spring.web.scanners.ApiListingReferenceScanner] [main] [41] [INFO ] Scanning for api listing references
[2022-02-11 09:45:14.014] [org.springframework.scheduling.annotation.ScheduledAnnotationBeanPostProcessor] [main] [297] [INFO ] No TaskScheduler/ScheduledExecutorService bean found for scheduled processing
[2022-02-11 09:45:14.014] [org.apache.juli.logging.DirectJDKLog] [main] [173] [INFO ] Starting ProtocolHandler ["http-nio-8888"]
[2022-02-11 09:45:14.014] [org.springframework.boot.web.embedded.tomcat.TomcatWebServer] [main] [204] [INFO ] Tomcat started on port(s): 8888 (http) with context path ''
[2022-02-11 09:45:14.014] [org.springframework.boot.StartupInfoLogger] [main] [61] [INFO ] Started App in 3.067 seconds (JVM running for 4.019)
[2022-02-11 09:45:34.034] [org.apache.juli.logging.DirectJDKLog] [http-nio-8888-exec-1] [173] [INFO ] Initializing Spring DispatcherServlet 'dispatcherServlet'
[2022-02-11 09:45:34.034] [org.springframework.web.servlet.FrameworkServlet] [http-nio-8888-exec-1] [525] [INFO ] Initializing Servlet 'dispatcherServlet'
[2022-02-11 09:45:34.034] [org.springframework.web.servlet.FrameworkServlet] [http-nio-8888-exec-1] [547] [INFO ] Completed initialization in 7 ms
